2026-02-09 - 13:48:39
13:48:39 - Workflow Step 'Update workflow' started.
Using DaVinci Configurator Classic (beta) 5.31.24 (x86_64).
13:48:39 - Workflow Step 'Validate workflow environment' started.
13:48:39 - Workflow Step 'Validate dpa file' started.
13:48:39 - Workflow Step 'Validate dpa file' finished.
13:48:39 - Workflow Step 'SLP conformance check' started.
13:48:40 - Workflow Step 'SLP conformance check' finished.
13:48:40 - Workflow Step 'Validate workflow environment' finished.
13:48:40 - Workflow Step 'Create copy of the Project' started.
Copy project 'D:\usr\usage\Delivery\CBD19x\CBD1900263\D01\internal\Demo\DemoFbl' to 'C:\Users\tsenoue\AppData\Local\Temp\DaVinci\Cfg-tsenoue1788629\Workflow\1770612520324-0'...
Adjusting DPA file of copied project...
13:48:40 - Workflow Step 'Create copy of the Project' finished.
13:48:40 - Workflow Step 'Analyse Bswmd's of the current project' started.
13:48:40 - Workflow Step 'Analyse Bswmd's of the current project' finished.
13:48:40 - Workflow Step 'Close Project' started.
13:48:41 - Workflow Step 'Close Project' finished.
13:48:45 - Workflow Step 'Prepare System Extract' started.
13:48:45 - Workflow Step 'Preprocessing System Extract' started.
13:48:45 - Workflow Step 'Preprocessing System Extract' finished.
13:48:45 - Workflow Step 'Create OEM Communication Extract' started.
13:48:45 - Workflow Step 'Create OEM Communication Extract' finished.
13:48:45 - Workflow Step 'Prepare System Extract' finished.
13:48:45 - Workflow Step 'Updating the project' started.
13:48:49 - Workflow Step 'Create ECU configuration' started.
13:48:54 - Workflow Step 'Create ECU configuration' finished.
13:48:54 - Workflow Step 'Update ECU configuration' started.
No Package path available for module configuration: /ActiveEcuC/ComM. Default /ActiveEcuC is used instead.
No Package path available for module configuration: /ActiveEcuC/EcuM. Default /ActiveEcuC is used instead.
No Package path available for module configuration: /ActiveEcuC/CanSM. Default /ActiveEcuC is used instead.
13:49:00 - Workflow Step 'Update ECU configuration' finished.
13:49:00 - Workflow Step 'Updating the project' finished.
13:49:00 - Workflow Step 'Execute Solving Actions' started.
Executing all Preferred-Solving-Actions...
All Preferred-Solving-Actions done.
Executing update specific Preferred-Solving-Actions...
Update specific Preferred-Solving-Actions done.
Information reported during Validation and giving an insight about the amount of executed Solving Actions
              
Simple Name                                                                          :FQCN                                                                                 :Total Execution Time :Solving Action Execution Count :Validator Execution Count :
com.vector.cfg.gen.CommonAsr_ComValidationLib.validation.handleid.HandleIdValidation :com.vector.cfg.gen.CommonAsr_ComValidationLib.validation.handleid.HandleIdValidation :2 s                  :10                             :25                        :
PduR BswInternalBehaviorValidator                                                    :com.vector.cfg.model.services.internal.bswintbehavior.validation.BswValidation       :953 ms               :2                              :8                         :
CanTpTxNSduRefMaxPduLengthValidationRule                                             :com.vector.cfg.gen.CanTp.validation.validationrules.MaxPduLengthValidationRule       :661 ms               :0                              :6                         :

13:49:07 - Workflow Step 'Execute Solving Actions' finished.
13:49:07 - Workflow Step 'Update RTE configuration' started.
13:49:08 - Workflow Step 'Update RTE configuration' finished.
13:49:08 - Workflow Step 'Merge Timing Extension' started.
No updated Timing Extension data available to merge.
13:49:08 - Workflow Step 'Merge Timing Extension' finished.
13:49:08 - Workflow Step 'Surveillance of user-defined elements during workflow.' started.
13:49:08 - Workflow Step 'Surveillance of user-defined elements during workflow.' finished.
13:49:14 - Workflow Step 'Align differences after successful update' started.
13:49:14 - Workflow Step 'Align differences after successful update' finished.
13:49:14 - Workflow Step 'Clean up update data' started.
13:49:14 - Workflow Step 'Clean up update data' finished.
Update workflow finished sucessfully.
13:49:19 - Workflow Step 'Update workflow' finished.
